<?xml version="1.0" encoding="UTF-8"?>
<!-- Generated by org.testng.reporters.JUnitReportReporter -->
<testsuite skipped="0" hostname="leanft-PC" name="test.HomePageTest" tests="4" failures="0" timestamp="25 Jun 2017 16:07:37 GMT" time="43.811" errors="0">
  <testcase name="checkHomePageSections" time="15.055" classname="test.HomePageTest"/>
  <testcase name="testLogin" time="12.075" classname="test.HomePageTest"/>
  <testcase name="testLogin" time="8.750" classname="test.HomePageTest"/>
  <testcase name="checkSpecials" time="7.931" classname="test.HomePageTest"/>
</testsuite> <!-- test.HomePageTest -->
