<?xml version="1.0" encoding="UTF-8"?>
<!-- Generated by org.testng.reporters.JUnitReportReporter -->
<testsuite skipped="0" hostname="leanft-PC" name="test.GDriveTest" tests="1" failures="0" timestamp="27 Jun 2017 03:10:24 GMT" time="32.305" errors="0">
  <testcase name="UploadFileToDrive" time="32.305" classname="test.GDriveTest"/>
</testsuite> <!-- test.GDriveTest -->
