<?xml version="1.0" encoding="UTF-8"?>
<!-- Generated by org.testng.reporters.JUnitReportReporter -->
<testsuite skipped="0" hostname="leanft-PC" name="test.ContactsTest" tests="1" failures="0" timestamp="27 Jun 2017 03:10:24 GMT" time="24.370" errors="0">
  <testcase name="createContact" time="24.370" classname="test.ContactsTest"/>
</testsuite> <!-- test.ContactsTest -->
