<?xml version="1.0" encoding="UTF-8"?>
<!-- Generated by org.testng.reporters.JUnitReportReporter -->
<testsuite skipped="0" hostname="leanft-PC" name="test.GDriveTest" tests="1" failures="0" timestamp="27 Jun 2017 02:06:47 GMT" time="61.324" errors="0">
  <testcase name="UploadFileToDrive" time="61.324" classname="test.GDriveTest"/>
</testsuite> <!-- test.GDriveTest -->
