<?xml version="1.0" encoding="UTF-8"?>
<!-- Generated by org.testng.reporters.JUnitReportReporter -->
<testsuite skipped="0" hostname="leanft-PC" name="test.HomePageTest" tests="4" failures="0" timestamp="25 Jun 2017 19:40:51 GMT" time="41.716" errors="0">
  <testcase name="testLogin" time="7.904" classname="test.HomePageTest"/>
  <testcase name="checkHomePageSections" time="14.068" classname="test.HomePageTest"/>
  <testcase name="testLogin" time="10.221" classname="test.HomePageTest"/>
  <testcase name="checkSpecials" time="9.523" classname="test.HomePageTest"/>
</testsuite> <!-- test.HomePageTest -->
